<?xml version="1.0" encoding="utf-8"?><testsuites name="pytest tests"><testsuite name="pytest" errors="0" failures="0" skipped="0" tests="17" time="0.772" timestamp="2026-01-23T18:15:14.924666+00:00" hostname="agent-env-5d81b85f-37eb-45d4-9471-fd86e47b6a8e"><testcase classname="backend.tests.test_onboarding_tiers.TestHealthCheck" name="test_backend_health" time="0.071" /><testcase classname="backend.tests.test_onboarding_tiers.TestTierPricing" name="test_career_clarity_focussed" time="0.035" /><testcase classname="backend.tests.test_onboarding_tiers.TestTierPricing" name="test_career_clarity_supported" time="0.038" /><testcase classname="backend.tests.test_onboarding_tiers.TestTierPricing" name="test_career_clarity_comprehensive" time="0.041" /><testcase classname="backend.tests.test_onboarding_tiers.TestTierPricing" name="test_job_transition_focussed" time="0.040" /><testcase classname="backend.tests.test_onboarding_tiers.TestTierPricing" name="test_job_transition_supported" time="0.040" /><testcase classname="backend.tests.test_onboarding_tiers.TestTierPricing" name="test_job_transition_comprehensive" time="0.036" /><testcase classname="backend.tests.test_onboarding_tiers.TestTierPricing" name="test_relationship_healing_supported" time="0.038" /><testcase classname="backend.tests.test_onboarding_tiers.TestTierPricing" name="test_money_stability_supported" time="0.034" /><testcase classname="backend.tests.test_onboarding_tiers.TestTierPricing" name="test_healing_journey_supported" time="0.082" /><testcase classname="backend.tests.test_onboarding_tiers.TestTierFeatures" name="test_focussed_tier_features" time="0.038" /><testcase classname="backend.tests.test_onboarding_tiers.TestTierFeatures" name="test_supported_tier_features" time="0.032" /><testcase classname="backend.tests.test_onboarding_tiers.TestTierFeatures" name="test_comprehensive_tier_features" time="0.033" /><testcase classname="backend.tests.test_onboarding_tiers.TestAccessPolicy" name="test_focussed_access_policy" time="0.035" /><testcase classname="backend.tests.test_onboarding_tiers.TestAccessPolicy" name="test_supported_access_policy" time="0.036" /><testcase classname="backend.tests.test_onboarding_tiers.TestAccessPolicy" name="test_comprehensive_access_policy" time="0.038" /><testcase classname="backend.tests.test_onboarding_tiers.TestInvalidTier" name="test_invalid_tier_id" time="0.034" /></testsuite></testsuites>