<?xml version="1.0" encoding="utf-8"?><testsuites name="pytest tests"><testsuite name="pytest" errors="0" failures="0" skipped="0" tests="9" time="2.082" timestamp="2026-02-16T11:58:24.992069+00:00" hostname="agent-env-a87e5875-4832-4279-844f-0ab747eb7158"><testcase classname="backend.tests.test_bug_fixes_iteration14.TestAdminAuth" name="test_admin_login" time="0.198" /><testcase classname="backend.tests.test_bug_fixes_iteration14.TestExportCSVFix" name="test_export_users_csv_with_token" time="0.387" /><testcase classname="backend.tests.test_bug_fixes_iteration14.TestExportCSVFix" name="test_export_users_csv_without_token" time="0.110" /><testcase classname="backend.tests.test_bug_fixes_iteration14.TestExportCSVFix" name="test_export_orders_csv_with_token" time="0.131" /><testcase classname="backend.tests.test_bug_fixes_iteration14.TestExportCSVFix" name="test_export_orders_csv_without_token" time="0.167" /><testcase classname="backend.tests.test_bug_fixes_iteration14.TestAdminExpertsVisibility" name="test_create_admin_expert_and_verify_public_visibility" time="0.529" /><testcase classname="backend.tests.test_bug_fixes_iteration14.TestAdminExpertsVisibility" name="test_experts_endpoint_also_includes_db_experts" time="0.298" /><testcase classname="backend.tests.test_bug_fixes_iteration14.TestPublicAPIHealth" name="test_homepage_data" time="0.102" /><testcase classname="backend.tests.test_bug_fixes_iteration14.TestPublicAPIHealth" name="test_topics_endpoint" time="0.099" /></testsuite></testsuites>