<?xml version="1.0" encoding="utf-8"?><testsuites name="pytest tests"><testsuite name="pytest" errors="0" failures="0" skipped="0" tests="14" time="0.956" timestamp="2026-01-23T15:58:23.933604+00:00" hostname="agent-env-f21b1b72-6990-465c-a0ad-b52e3ae1bce9"><testcase classname="backend.tests.test_profile_auth.TestHealthEndpoint" name="test_health_check" time="0.063" /><testcase classname="backend.tests.test_profile_auth.TestAuthIdentify" name="test_identify_new_user" time="0.042" /><testcase classname="backend.tests.test_profile_auth.TestAuthIdentify" name="test_identify_existing_user" time="0.080" /><testcase classname="backend.tests.test_profile_auth.TestAuthIdentify" name="test_identify_missing_identifier" time="0.037" /><testcase classname="backend.tests.test_profile_auth.TestProfileEndpoints" name="test_create_profile_success" time="0.079" /><testcase classname="backend.tests.test_profile_auth.TestProfileEndpoints" name="test_get_profile_after_create" time="0.107" /><testcase classname="backend.tests.test_profile_auth.TestProfileEndpoints" name="test_create_profile_without_auth" time="0.035" /><testcase classname="backend.tests.test_profile_auth.TestProfileEndpoints" name="test_get_profile_without_auth" time="0.038" /><testcase classname="backend.tests.test_profile_auth.TestProfileEndpoints" name="test_create_profile_invalid_date_format" time="0.065" /><testcase classname="backend.tests.test_profile_auth.TestProfileEndpoints" name="test_create_profile_invalid_time_format" time="0.070" /><testcase classname="backend.tests.test_profile_auth.TestProfileEndpoints" name="test_update_profile" time="0.136" /><testcase classname="backend.tests.test_profile_auth.TestAuthMe" name="test_get_current_user" time="0.069" /><testcase classname="backend.tests.test_profile_auth.TestAuthMe" name="test_get_current_user_without_auth" time="0.032" /><testcase classname="backend.tests.test_profile_auth.TestAuthMe" name="test_get_current_user_invalid_token" time="0.034" /></testsuite></testsuites>