<?xml version="1.0" encoding="utf-8"?><testsuites name="pytest tests"><testsuite name="pytest" errors="0" failures="0" skipped="0" tests="10" time="1.614" timestamp="2026-02-19T11:04:26.446732+00:00" hostname="agent-env-39b06bce-5a97-4734-92bc-b934c60e95dc"><testcase classname="backend.tests.test_booking_api.TestHealthCheck" name="test_health_endpoint" time="0.285" /><testcase classname="backend.tests.test_booking_api.TestBookingSchedule" name="test_schedule_without_auth" time="0.124" /><testcase classname="backend.tests.test_booking_api.TestBookingSchedule" name="test_schedule_with_auth" time="0.102" /><testcase classname="backend.tests.test_booking_api.TestBookingSchedule" name="test_schedule_past_date" time="0.104" /><testcase classname="backend.tests.test_booking_api.TestMyBookings" name="test_my_bookings_without_auth" time="0.114" /><testcase classname="backend.tests.test_booking_api.TestMyBookings" name="test_my_bookings_with_auth" time="0.110" /><testcase classname="backend.tests.test_booking_api.TestUpcomingBookings" name="test_upcoming_without_auth" time="0.101" /><testcase classname="backend.tests.test_booking_api.TestUpcomingBookings" name="test_upcoming_with_auth" time="0.125" /><testcase classname="backend.tests.test_booking_api.TestCancelBooking" name="test_cancel_nonexistent_booking" time="0.111" /><testcase classname="backend.tests.test_booking_api.TestBookingIntegration" name="test_full_booking_flow" time="0.355" /></testsuite></testsuites>