<?xml version="1.0" encoding="utf-8"?><testsuites name="pytest tests"><testsuite name="pytest" errors="0" failures="1" skipped="0" tests="13" time="1.846" timestamp="2026-02-11T14:58:28.330840+00:00" hostname="agent-env-3861896a-daca-41a7-b0ab-c44227d0893f"><testcase classname="backend.tests.test_public_homepage_api.TestPublicHomepageAPI" name="test_public_api_no_auth_required" time="0.116" /><testcase classname="backend.tests.test_public_homepage_api.TestPublicHomepageAPI" name="test_response_has_correct_structure" time="0.048" /><testcase classname="backend.tests.test_public_homepage_api.TestPublicHomepageAPI" name="test_categories_have_frontend_format" time="0.046" /><testcase classname="backend.tests.test_public_homepage_api.TestPublicHomepageAPI" name="test_tiles_have_correct_structure" time="0.041" /><testcase classname="backend.tests.test_public_homepage_api.TestPublicHomepageAPI" name="test_expected_categories_present" time="0.042" /><testcase classname="backend.tests.test_public_homepage_api.TestPublicHomepageAPI" name="test_tiles_count_per_category" time="0.040" /><testcase classname="backend.tests.test_public_homepage_api.TestAdminChangesReflection" name="test_create_category_reflects_in_public_api" time="0.166" /><testcase classname="backend.tests.test_public_homepage_api.TestAdminChangesReflection" name="test_create_tile_reflects_in_public_api" time="0.175" /><testcase classname="backend.tests.test_public_homepage_api.TestAdminChangesReflection" name="test_update_category_reflects_in_public_api" time="0.218" /><testcase classname="backend.tests.test_public_homepage_api.TestAdminChangesReflection" name="test_deactivate_tile_hides_from_public_api" time="0.278" /><testcase classname="backend.tests.test_public_homepage_api.TestPublicAPIEdgeCases" name="test_api_returns_json_content_type" time="0.042" /><testcase classname="backend.tests.test_public_homepage_api.TestPublicAPIEdgeCases" name="test_api_handles_concurrent_requests" time="0.445" /><testcase classname="backend.tests.test_public_homepage_api.TestPublicAPIEdgeCases" name="test_response_excludes_mongodb_id" time="0.071"><failure message="AssertionError: Response should not contain MongoDB _id&#10;assert '_id' not in &quot;{'ok': True...0.638000'}]}&quot;&#10;  &#10;  '_id' is contained here:&#10;  ?                                                                                                                                                                                                                                                                                                                                                                                                                                                                                                                                                                                              ...&#10;  &#10;  ...Full output truncated (3 lines hidden), use '-vv' to show">backend/tests/test_public_homepage_api.py:428: in test_response_excludes_mongodb_id
    assert "_id" not in response_text, "Response should not contain MongoDB _id"
E   AssertionError: Response should not contain MongoDB _id
E   assert '_id' not in "{'ok': True...0.638000'}]}"
E     
E     '_id' is contained here:
E     ?                                                                                                                                                                                                                                                                                                                                                                                                                                                                                                                                                                                              ...
E     
E     ...Full output truncated (3 lines hidden), use '-vv' to show</failure></testcase></testsuite></testsuites>