<?xml version="1.0" encoding="utf-8"?><testsuites name="pytest tests"><testsuite name="pytest" errors="0" failures="0" skipped="0" tests="13" time="1.820" timestamp="2026-02-11T14:58:52.269391+00:00" hostname="agent-env-3861896a-daca-41a7-b0ab-c44227d0893f"><testcase classname="backend.tests.test_public_homepage_api.TestPublicHomepageAPI" name="test_public_api_no_auth_required" time="0.083" /><testcase classname="backend.tests.test_public_homepage_api.TestPublicHomepageAPI" name="test_response_has_correct_structure" time="0.041" /><testcase classname="backend.tests.test_public_homepage_api.TestPublicHomepageAPI" name="test_categories_have_frontend_format" time="0.042" /><testcase classname="backend.tests.test_public_homepage_api.TestPublicHomepageAPI" name="test_tiles_have_correct_structure" time="0.044" /><testcase classname="backend.tests.test_public_homepage_api.TestPublicHomepageAPI" name="test_expected_categories_present" time="0.037" /><testcase classname="backend.tests.test_public_homepage_api.TestPublicHomepageAPI" name="test_tiles_count_per_category" time="0.041" /><testcase classname="backend.tests.test_public_homepage_api.TestAdminChangesReflection" name="test_create_category_reflects_in_public_api" time="0.165" /><testcase classname="backend.tests.test_public_homepage_api.TestAdminChangesReflection" name="test_create_tile_reflects_in_public_api" time="0.199" /><testcase classname="backend.tests.test_public_homepage_api.TestAdminChangesReflection" name="test_update_category_reflects_in_public_api" time="0.197" /><testcase classname="backend.tests.test_public_homepage_api.TestAdminChangesReflection" name="test_deactivate_tile_hides_from_public_api" time="0.284" /><testcase classname="backend.tests.test_public_homepage_api.TestPublicAPIEdgeCases" name="test_api_returns_json_content_type" time="0.040" /><testcase classname="backend.tests.test_public_homepage_api.TestPublicAPIEdgeCases" name="test_api_handles_concurrent_requests" time="0.523" /><testcase classname="backend.tests.test_public_homepage_api.TestPublicAPIEdgeCases" name="test_response_excludes_mongodb_id" time="0.039" /></testsuite></testsuites>