<?xml version="1.0" encoding="utf-8"?><testsuites name="pytest tests"><testsuite name="pytest" errors="0" failures="0" skipped="0" tests="18" time="1.831" timestamp="2026-02-12T16:57:18.132345+00:00" hostname="agent-env-d49aaf87-7ba3-4b57-8d3a-faeea6ecae7c"><testcase classname="backend.tests.test_phase1_bug_fixes.TestAdminLogin" name="test_admin_login_success" time="0.141" /><testcase classname="backend.tests.test_phase1_bug_fixes.TestAdminLogin" name="test_admin_login_invalid_credentials" time="0.042" /><testcase classname="backend.tests.test_phase1_bug_fixes.TestDeactivationFix" name="test_create_and_deactivate_category" time="0.255" /><testcase classname="backend.tests.test_phase1_bug_fixes.TestDeactivationFix" name="test_reactivate_category_requires_tiles" time="0.171" /><testcase classname="backend.tests.test_phase1_bug_fixes.TestDeactivationFix" name="test_deactivate_tile" time="0.156" /><testcase classname="backend.tests.test_phase1_bug_fixes.TestDeactivationFix" name="test_deactivate_tier" time="0.208" /><testcase classname="backend.tests.test_phase1_bug_fixes.TestValentinesPackageAPIs" name="test_not_official_yet_package" time="0.042" /><testcase classname="backend.tests.test_phase1_bug_fixes.TestValentinesPackageAPIs" name="test_ready_for_marriage_package" time="0.038" /><testcase classname="backend.tests.test_phase1_bug_fixes.TestValentinesPackageAPIs" name="test_move_on_or_stay_package" time="0.039" /><testcase classname="backend.tests.test_phase1_bug_fixes.TestHomepageDataAPI" name="test_homepage_data_returns_valentine_category" time="0.041" /><testcase classname="backend.tests.test_phase1_bug_fixes.TestHomepageDataAPI" name="test_homepage_data_categories_have_tiles" time="0.042" /><testcase classname="backend.tests.test_phase1_bug_fixes.TestAdminDashboardAPIs" name="test_users_endpoint" time="0.254" /><testcase classname="backend.tests.test_phase1_bug_fixes.TestAdminDashboardAPIs" name="test_orders_endpoint" time="0.066" /><testcase classname="backend.tests.test_phase1_bug_fixes.TestAdminDashboardAPIs" name="test_stats_endpoint" time="0.046" /><testcase classname="backend.tests.test_phase1_bug_fixes.TestAdminDashboardAPIs" name="test_categories_endpoint" time="0.036" /><testcase classname="backend.tests.test_phase1_bug_fixes.TestAdminDashboardAPIs" name="test_tiles_endpoint" time="0.042" /><testcase classname="backend.tests.test_phase1_bug_fixes.TestVerifySessionEndpoint" name="test_verify_valid_session" time="0.037" /><testcase classname="backend.tests.test_phase1_bug_fixes.TestVerifySessionEndpoint" name="test_verify_invalid_session" time="0.078" /></testsuite></testsuites>