<?xml version="1.0" encoding="utf-8"?><testsuites name="pytest tests"><testsuite name="pytest" errors="0" failures="0" skipped="0" tests="24" time="1.552" timestamp="2026-02-11T14:48:41.308522+00:00" hostname="agent-env-3861896a-daca-41a7-b0ab-c44227d0893f"><testcase classname="backend.tests.test_admin_hierarchy_crud.TestAdminLogin" name="test_admin_login_success" time="0.144" /><testcase classname="backend.tests.test_admin_hierarchy_crud.TestAdminLogin" name="test_admin_login_invalid_credentials" time="0.046" /><testcase classname="backend.tests.test_admin_hierarchy_crud.TestAdminLogin" name="test_admin_verify_session" time="0.086" /><testcase classname="backend.tests.test_admin_hierarchy_crud.TestCategoriesCRUD" name="test_list_categories" time="0.045" /><testcase classname="backend.tests.test_admin_hierarchy_crud.TestCategoriesCRUD" name="test_category_structure" time="0.047" /><testcase classname="backend.tests.test_admin_hierarchy_crud.TestCategoriesCRUD" name="test_create_category" time="0.047" /><testcase classname="backend.tests.test_admin_hierarchy_crud.TestCategoriesCRUD" name="test_update_category" time="0.087" /><testcase classname="backend.tests.test_admin_hierarchy_crud.TestCategoriesCRUD" name="test_soft_delete_category" time="0.087" /><testcase classname="backend.tests.test_admin_hierarchy_crud.TestCategoriesCRUD" name="test_hard_delete_category" time="0.084" /><testcase classname="backend.tests.test_admin_hierarchy_crud.TestCategoriesCRUD" name="test_create_duplicate_category_fails" time="0.051" /><testcase classname="backend.tests.test_admin_hierarchy_crud.TestTilesCRUD" name="test_list_tiles" time="0.039" /><testcase classname="backend.tests.test_admin_hierarchy_crud.TestTilesCRUD" name="test_tiles_grouped_by_category" time="0.048" /><testcase classname="backend.tests.test_admin_hierarchy_crud.TestTilesCRUD" name="test_filter_tiles_by_category" time="0.042" /><testcase classname="backend.tests.test_admin_hierarchy_crud.TestTilesCRUD" name="test_tile_structure" time="0.049" /><testcase classname="backend.tests.test_admin_hierarchy_crud.TestTilesCRUD" name="test_create_tile" time="0.042" /><testcase classname="backend.tests.test_admin_hierarchy_crud.TestTilesCRUD" name="test_update_tile" time="0.094" /><testcase classname="backend.tests.test_admin_hierarchy_crud.TestTilesCRUD" name="test_soft_delete_tile" time="0.082" /><testcase classname="backend.tests.test_admin_hierarchy_crud.TestTilesCRUD" name="test_hard_delete_tile" time="0.080" /><testcase classname="backend.tests.test_admin_hierarchy_crud.TestTilesCRUD" name="test_create_duplicate_tile_fails" time="0.042" /><testcase classname="backend.tests.test_admin_hierarchy_crud.TestSeedCatalog" name="test_seed_catalog_detects_existing_data" time="0.043" /><testcase classname="backend.tests.test_admin_hierarchy_crud.TestUnauthorizedAccess" name="test_categories_without_token" time="0.042" /><testcase classname="backend.tests.test_admin_hierarchy_crud.TestUnauthorizedAccess" name="test_tiles_without_token" time="0.040" /><testcase classname="backend.tests.test_admin_hierarchy_crud.TestUnauthorizedAccess" name="test_create_category_without_token" time="0.042" /><testcase classname="backend.tests.test_admin_hierarchy_crud.TestUnauthorizedAccess" name="test_create_tile_without_token" time="0.039" /></testsuite></testsuites>