<?xml version="1.0" encoding="utf-8"?><testsuites name="pytest tests"><testsuite name="pytest" errors="0" failures="0" skipped="0" tests="15" time="2.833" timestamp="2026-02-16T14:24:08.221608+00:00" hostname="agent-env-a87e5875-4832-4279-844f-0ab747eb7158"><testcase classname="backend.tests.test_phase2_tags_and_uploads.TestImageUpload" name="test_upload_image_success" time="0.370" /><testcase classname="backend.tests.test_phase2_tags_and_uploads.TestImageUpload" name="test_serve_uploaded_image" time="0.156" /><testcase classname="backend.tests.test_phase2_tags_and_uploads.TestImageUpload" name="test_upload_without_auth_fails" time="0.117" /><testcase classname="backend.tests.test_phase2_tags_and_uploads.TestImageUpload" name="test_upload_invalid_file_type_fails" time="0.262" /><testcase classname="backend.tests.test_phase2_tags_and_uploads.TestTagOptions" name="test_get_tag_options" time="0.117" /><testcase classname="backend.tests.test_phase2_tags_and_uploads.TestTagOptions" name="test_life_situation_has_categories" time="0.170" /><testcase classname="backend.tests.test_phase2_tags_and_uploads.TestTagOptions" name="test_method_is_flat_array" time="0.159" /><testcase classname="backend.tests.test_phase2_tags_and_uploads.TestTagOptions" name="test_remedy_support_is_flat_array" time="0.131" /><testcase classname="backend.tests.test_phase2_tags_and_uploads.TestExpertWithTags" name="test_create_expert_with_tags" time="0.322" /><testcase classname="backend.tests.test_phase2_tags_and_uploads.TestExpertWithTags" name="test_get_created_expert_has_tags" time="0.133" /><testcase classname="backend.tests.test_phase2_tags_and_uploads.TestExpertWithTags" name="test_cleanup_test_expert" time="0.118" /><testcase classname="backend.tests.test_phase2_tags_and_uploads.TestPublicExpertsBestForTags" name="test_create_expert_for_public_test" time="0.236" /><testcase classname="backend.tests.test_phase2_tags_and_uploads.TestPublicExpertsBestForTags" name="test_public_experts_includes_best_for_tags" time="0.141" /><testcase classname="backend.tests.test_phase2_tags_and_uploads.TestPublicExpertsBestForTags" name="test_best_for_tags_composition_logic" time="0.168" /><testcase classname="backend.tests.test_phase2_tags_and_uploads.TestPublicExpertsBestForTags" name="test_cleanup_public_test_expert" time="0.156" /></testsuite></testsuites>