<?xml version="1.0" encoding="utf-8"?><testsuites name="pytest tests"><testsuite name="pytest" errors="0" failures="0" skipped="0" tests="25" time="2.328" timestamp="2026-01-22T17:56:48.383411+00:00" hostname="agent-env-aa632df3-56d6-4ded-a98d-ebf60334d5ac"><testcase classname="backend.tests.test_v5_tiers.TestV5TierAPIs" name="test_health_check" time="0.073" /><testcase classname="backend.tests.test_v5_tiers.TestV5TierAPIs" name="test_love_subtopic_tiers[relationship-healing]" time="0.071" /><testcase classname="backend.tests.test_v5_tiers.TestV5TierAPIs" name="test_love_subtopic_tiers[family-relationships]" time="0.053" /><testcase classname="backend.tests.test_v5_tiers.TestV5TierAPIs" name="test_love_subtopic_tiers[dating-compatibility]" time="0.067" /><testcase classname="backend.tests.test_v5_tiers.TestV5TierAPIs" name="test_love_subtopic_tiers[marriage-planning]" time="0.085" /><testcase classname="backend.tests.test_v5_tiers.TestV5TierAPIs" name="test_love_subtopic_tiers[communication-trust]" time="0.101" /><testcase classname="backend.tests.test_v5_tiers.TestV5TierAPIs" name="test_love_subtopic_tiers[breakup-closure]" time="0.091" /><testcase classname="backend.tests.test_v5_tiers.TestV5TierAPIs" name="test_career_subtopic_tiers[career-clarity]" time="0.098" /><testcase classname="backend.tests.test_v5_tiers.TestV5TierAPIs" name="test_career_subtopic_tiers[job-transition]" time="0.136" /><testcase classname="backend.tests.test_v5_tiers.TestV5TierAPIs" name="test_career_subtopic_tiers[money-stability]" time="0.085" /><testcase classname="backend.tests.test_v5_tiers.TestV5TierAPIs" name="test_career_subtopic_tiers[work-stress]" time="0.094" /><testcase classname="backend.tests.test_v5_tiers.TestV5TierAPIs" name="test_career_subtopic_tiers[office-politics]" time="0.050" /><testcase classname="backend.tests.test_v5_tiers.TestV5TierAPIs" name="test_career_subtopic_tiers[big-decision-timing]" time="0.052" /><testcase classname="backend.tests.test_v5_tiers.TestV5TierAPIs" name="test_health_subtopic_tiers[healing-journey]" time="0.087" /><testcase classname="backend.tests.test_v5_tiers.TestV5TierAPIs" name="test_health_subtopic_tiers[stress-management]" time="0.088" /><testcase classname="backend.tests.test_v5_tiers.TestV5TierAPIs" name="test_health_subtopic_tiers[energy-balance]" time="0.089" /><testcase classname="backend.tests.test_v5_tiers.TestV5TierAPIs" name="test_health_subtopic_tiers[sleep-reset]" time="0.054" /><testcase classname="backend.tests.test_v5_tiers.TestV5TierAPIs" name="test_health_subtopic_tiers[emotional-recovery]" time="0.101" /><testcase classname="backend.tests.test_v5_tiers.TestV5TierAPIs" name="test_health_subtopic_tiers[womens-wellness]" time="0.092" /><testcase classname="backend.tests.test_v5_tiers.TestV5TierAPIs" name="test_relationship_healing_prices" time="0.058" /><testcase classname="backend.tests.test_v5_tiers.TestV5TierAPIs" name="test_supported_tier_always_recommended" time="0.489" /><testcase classname="backend.tests.test_v5_tiers.TestV5TierAPIs" name="test_tier_features_present" time="0.032" /><testcase classname="backend.tests.test_v5_tiers.TestV5TierAPIs" name="test_tier_access_policy" time="0.034" /><testcase classname="backend.tests.test_v5_tiers.TestV5TierAPIs" name="test_invalid_tier_returns_404" time="0.039" /><testcase classname="backend.tests.test_v5_tiers.TestV5UserState" name="test_user_state_requires_auth" time="0.033" /></testsuite></testsuites>